[ 25%] Built target number_converter_test
[ 50%] Built target utf8_test
[ 62%] Building CXX object test/CMakeFiles/json_value_test.dir/nodes/json_value_test.cpp.o
In file included from /Users/zlh/Documents/Git/json/test/nodes/json_value_test.cpp:1:
In file included from /usr/local/include/gtest/gtest.h:54:
In file included from /Library/Developer/CommandLineTools/SDKs/MacOSX13.3.sdk/usr/include/c++/v1/iomanip:47:
In file included from /Library/Developer/CommandLineTools/SDKs/MacOSX13.3.sdk/usr/include/c++/v1/istream:165:
In file included from /Library/Developer/CommandLineTools/SDKs/MacOSX13.3.sdk/usr/include/c++/v1/ostream:168:
In file included from /Library/Developer/CommandLineTools/SDKs/MacOSX13.3.sdk/usr/include/c++/v1/bitset:128:
In file included from /Library/Developer/CommandLineTools/SDKs/MacOSX13.3.sdk/usr/include/c++/v1/string:534:
In file included from /Library/Developer/CommandLineTools/SDKs/MacOSX13.3.sdk/usr/include/c++/v1/__memory/allocate_at_least.h:13:
/Library/Developer/CommandLineTools/SDKs/MacOSX13.3.sdk/usr/include/c++/v1/__memory/allocator_traits.h:335:51: error: invalid application of 'sizeof' to an incomplete type 'std::allocator_traits<std::allocator<json::JsonValue>>::value_type' (aka 'json::JsonValue')
        return numeric_limits<size_type>::max() / sizeof(value_type);
                                                  ^~~~~~~~~~~~~~~~~~
/Library/Developer/CommandLineTools/SDKs/MacOSX13.3.sdk/usr/include/c++/v1/vector:964:50: note: in instantiation of function template specialization 'std::allocator_traits<std::allocator<json::JsonValue>>::max_size<std::allocator<json::JsonValue>, void, void>' requested here
    return _VSTD::min<size_type>(__alloc_traits::max_size(this->__alloc()),
                                                 ^
/Library/Developer/CommandLineTools/SDKs/MacOSX13.3.sdk/usr/include/c++/v1/vector:680:19: note: in instantiation of member function 'std::vector<json::JsonValue>::max_size' requested here
        if (__n > max_size())
                  ^
/Library/Developer/CommandLineTools/SDKs/MacOSX13.3.sdk/usr/include/c++/v1/vector:1260:9: note: in instantiation of member function 'std::vector<json::JsonValue>::__vallocate' requested here
        __vallocate(__il.size());
        ^
/Users/zlh/Documents/Git/json/src/include/json/nodes/json_array.hpp:12:56: note: in instantiation of member function 'std::vector<json::JsonValue>::vector' requested here
  JsonArray(std::initializer_list<JsonValue> values) : storage_(values) {}
                                                       ^
/Users/zlh/Documents/Git/json/src/include/json/nodes/json_array.hpp:7:7: note: forward declaration of 'json::JsonValue'
class JsonValue;
      ^
In file included from /Users/zlh/Documents/Git/json/test/nodes/json_value_test.cpp:1:
In file included from /usr/local/include/gtest/gtest.h:54:
In file included from /Library/Developer/CommandLineTools/SDKs/MacOSX13.3.sdk/usr/include/c++/v1/iomanip:47:
In file included from /Library/Developer/CommandLineTools/SDKs/MacOSX13.3.sdk/usr/include/c++/v1/istream:165:
In file included from /Library/Developer/CommandLineTools/SDKs/MacOSX13.3.sdk/usr/include/c++/v1/ostream:168:
In file included from /Library/Developer/CommandLineTools/SDKs/MacOSX13.3.sdk/usr/include/c++/v1/bitset:128:
In file included from /Library/Developer/CommandLineTools/SDKs/MacOSX13.3.sdk/usr/include/c++/v1/string:549:
In file included from /Library/Developer/CommandLineTools/SDKs/MacOSX13.3.sdk/usr/include/c++/v1/memory:848:
/Library/Developer/CommandLineTools/SDKs/MacOSX13.3.sdk/usr/include/c++/v1/__memory/allocator.h:107:48: error: no matching member function for call to 'max_size'
        if (__n > allocator_traits<allocator>::max_size(*this))
                  ~~~~~~~~~~~~~~~~~~~~~~~~~~~~~^~~~~~~~
/Library/Developer/CommandLineTools/SDKs/MacOSX13.3.sdk/usr/include/c++/v1/__memory/allocate_at_least.h:54:19: note: in instantiation of member function 'std::allocator<json::JsonValue>::allocate' requested here
  return {__alloc.allocate(__n), __n};
                  ^
/Library/Developer/CommandLineTools/SDKs/MacOSX13.3.sdk/usr/include/c++/v1/vector:682:34: note: in instantiation of function template specialization 'std::__allocate_at_least<std::allocator<json::JsonValue>>' requested here
        auto __allocation = std::__allocate_at_least(__alloc(), __n);
                                 ^
/Library/Developer/CommandLineTools/SDKs/MacOSX13.3.sdk/usr/include/c++/v1/vector:1260:9: note: in instantiation of member function 'std::vector<json::JsonValue>::__vallocate' requested here
        __vallocate(__il.size());
        ^
/Users/zlh/Documents/Git/json/src/include/json/nodes/json_array.hpp:12:56: note: in instantiation of member function 'std::vector<json::JsonValue>::vector' requested here
  JsonArray(std::initializer_list<JsonValue> values) : storage_(values) {}
                                                       ^
/Library/Developer/CommandLineTools/SDKs/MacOSX13.3.sdk/usr/include/c++/v1/__memory/allocator_traits.h:326:22: note: candidate template ignored: requirement '__has_max_size<const std::allocator<json::JsonValue>, void>::value' was not satisfied [with _Ap = std::allocator<json::JsonValue>]
    static size_type max_size(const allocator_type& __a) _NOEXCEPT {
                     ^
/Library/Developer/CommandLineTools/SDKs/MacOSX13.3.sdk/usr/include/c++/v1/__memory/allocator_traits.h:334:22: note: candidate template ignored: substitution failure [with _Ap = std::allocator<json::JsonValue>, $1 = void, $2 = void]
    static size_type max_size(const allocator_type&) _NOEXCEPT {
                     ^
In file included from /Users/zlh/Documents/Git/json/test/nodes/json_value_test.cpp:1:
In file included from /usr/local/include/gtest/gtest.h:54:
In file included from /Library/Developer/CommandLineTools/SDKs/MacOSX13.3.sdk/usr/include/c++/v1/iomanip:47:
In file included from /Library/Developer/CommandLineTools/SDKs/MacOSX13.3.sdk/usr/include/c++/v1/istream:165:
In file included from /Library/Developer/CommandLineTools/SDKs/MacOSX13.3.sdk/usr/include/c++/v1/ostream:168:
In file included from /Library/Developer/CommandLineTools/SDKs/MacOSX13.3.sdk/usr/include/c++/v1/bitset:128:
In file included from /Library/Developer/CommandLineTools/SDKs/MacOSX13.3.sdk/usr/include/c++/v1/string:549:
In file included from /Library/Developer/CommandLineTools/SDKs/MacOSX13.3.sdk/usr/include/c++/v1/memory:848:
/Library/Developer/CommandLineTools/SDKs/MacOSX13.3.sdk/usr/include/c++/v1/__memory/allocator.h:110:59: error: invalid application of 'sizeof' to an incomplete type 'json::JsonValue'
            return static_cast<_Tp*>(::operator new(__n * sizeof(_Tp)));
                                                          ^~~~~~~~~~~
/Users/zlh/Documents/Git/json/src/include/json/nodes/json_array.hpp:7:7: note: forward declaration of 'json::JsonValue'
class JsonValue;
      ^
In file included from /Users/zlh/Documents/Git/json/test/nodes/json_value_test.cpp:1:
In file included from /usr/local/include/gtest/gtest.h:54:
In file included from /Library/Developer/CommandLineTools/SDKs/MacOSX13.3.sdk/usr/include/c++/v1/iomanip:47:
In file included from /Library/Developer/CommandLineTools/SDKs/MacOSX13.3.sdk/usr/include/c++/v1/istream:165:
In file included from /Library/Developer/CommandLineTools/SDKs/MacOSX13.3.sdk/usr/include/c++/v1/ostream:168:
In file included from /Library/Developer/CommandLineTools/SDKs/MacOSX13.3.sdk/usr/include/c++/v1/bitset:128:
In file included from /Library/Developer/CommandLineTools/SDKs/MacOSX13.3.sdk/usr/include/c++/v1/string:551:
In file included from /Library/Developer/CommandLineTools/SDKs/MacOSX13.3.sdk/usr/include/c++/v1/string_view:223:
In file included from /Library/Developer/CommandLineTools/SDKs/MacOSX13.3.sdk/usr/include/c++/v1/functional:515:
In file included from /Library/Developer/CommandLineTools/SDKs/MacOSX13.3.sdk/usr/include/c++/v1/__functional/boyer_moore_searcher.h:26:
/Library/Developer/CommandLineTools/SDKs/MacOSX13.3.sdk/usr/include/c++/v1/vector:685:32: error: arithmetic on a pointer to an incomplete type 'json::JsonValue'
        __end_cap() = __begin_ + __allocation.count;
                      ~~~~~~~~ ^
/Library/Developer/CommandLineTools/SDKs/MacOSX13.3.sdk/usr/include/c++/v1/vector:1260:9: note: in instantiation of member function 'std::vector<json::JsonValue>::__vallocate' requested here
        __vallocate(__il.size());
        ^
/Users/zlh/Documents/Git/json/src/include/json/nodes/json_array.hpp:12:56: note: in instantiation of member function 'std::vector<json::JsonValue>::vector' requested here
  JsonArray(std::initializer_list<JsonValue> values) : storage_(values) {}
                                                       ^
/Users/zlh/Documents/Git/json/src/include/json/nodes/json_array.hpp:7:7: note: forward declaration of 'json::JsonValue'
class JsonValue;
      ^
In file included from /Users/zlh/Documents/Git/json/test/nodes/json_value_test.cpp:1:
In file included from /usr/local/include/gtest/gtest.h:54:
In file included from /Library/Developer/CommandLineTools/SDKs/MacOSX13.3.sdk/usr/include/c++/v1/iomanip:47:
In file included from /Library/Developer/CommandLineTools/SDKs/MacOSX13.3.sdk/usr/include/c++/v1/istream:165:
In file included from /Library/Developer/CommandLineTools/SDKs/MacOSX13.3.sdk/usr/include/c++/v1/ostream:168:
In file included from /Library/Developer/CommandLineTools/SDKs/MacOSX13.3.sdk/usr/include/c++/v1/bitset:128:
In file included from /Library/Developer/CommandLineTools/SDKs/MacOSX13.3.sdk/usr/include/c++/v1/string:551:
In file included from /Library/Developer/CommandLineTools/SDKs/MacOSX13.3.sdk/usr/include/c++/v1/string_view:223:
In file included from /Library/Developer/CommandLineTools/SDKs/MacOSX13.3.sdk/usr/include/c++/v1/functional:515:
In file included from /Library/Developer/CommandLineTools/SDKs/MacOSX13.3.sdk/usr/include/c++/v1/__functional/boyer_moore_searcher.h:26:
/Library/Developer/CommandLineTools/SDKs/MacOSX13.3.sdk/usr/include/c++/v1/vector:540:52: error: arithmetic on a pointer to an incomplete type 'json::JsonValue'
        {return static_cast<size_type>(__end_cap() - this->__begin_);}
                                       ~~~~~~~~~~~ ^
/Library/Developer/CommandLineTools/SDKs/MacOSX13.3.sdk/usr/include/c++/v1/vector:754:56: note: in instantiation of member function 'std::vector<json::JsonValue>::capacity' requested here
      __annotate_contiguous_container(data(), data() + capacity(),
                                                       ^
/Library/Developer/CommandLineTools/SDKs/MacOSX13.3.sdk/usr/include/c++/v1/vector:686:9: note: in instantiation of member function 'std::vector<json::JsonValue>::__annotate_new' requested here
        __annotate_new(0);
        ^
/Library/Developer/CommandLineTools/SDKs/MacOSX13.3.sdk/usr/include/c++/v1/vector:1260:9: note: in instantiation of member function 'std::vector<json::JsonValue>::__vallocate' requested here
        __vallocate(__il.size());
        ^
/Users/zlh/Documents/Git/json/src/include/json/nodes/json_array.hpp:12:56: note: in instantiation of member function 'std::vector<json::JsonValue>::vector' requested here
  JsonArray(std::initializer_list<JsonValue> values) : storage_(values) {}
                                                       ^
/Users/zlh/Documents/Git/json/src/include/json/nodes/json_array.hpp:7:7: note: forward declaration of 'json::JsonValue'
class JsonValue;
      ^
In file included from /Users/zlh/Documents/Git/json/test/nodes/json_value_test.cpp:1:
In file included from /usr/local/include/gtest/gtest.h:54:
In file included from /Library/Developer/CommandLineTools/SDKs/MacOSX13.3.sdk/usr/include/c++/v1/iomanip:47:
In file included from /Library/Developer/CommandLineTools/SDKs/MacOSX13.3.sdk/usr/include/c++/v1/istream:165:
In file included from /Library/Developer/CommandLineTools/SDKs/MacOSX13.3.sdk/usr/include/c++/v1/ostream:168:
In file included from /Library/Developer/CommandLineTools/SDKs/MacOSX13.3.sdk/usr/include/c++/v1/bitset:128:
In file included from /Library/Developer/CommandLineTools/SDKs/MacOSX13.3.sdk/usr/include/c++/v1/string:551:
In file included from /Library/Developer/CommandLineTools/SDKs/MacOSX13.3.sdk/usr/include/c++/v1/string_view:223:
In file included from /Library/Developer/CommandLineTools/SDKs/MacOSX13.3.sdk/usr/include/c++/v1/functional:515:
In file included from /Library/Developer/CommandLineTools/SDKs/MacOSX13.3.sdk/usr/include/c++/v1/__functional/boyer_moore_searcher.h:26:
/Library/Developer/CommandLineTools/SDKs/MacOSX13.3.sdk/usr/include/c++/v1/vector:754:54: error: arithmetic on a pointer to an incomplete type 'const std::vector<json::JsonValue>::value_type' (aka 'const json::JsonValue')
      __annotate_contiguous_container(data(), data() + capacity(),
                                              ~~~~~~ ^
/Library/Developer/CommandLineTools/SDKs/MacOSX13.3.sdk/usr/include/c++/v1/vector:686:9: note: in instantiation of member function 'std::vector<json::JsonValue>::__annotate_new' requested here
        __annotate_new(0);
        ^
/Library/Developer/CommandLineTools/SDKs/MacOSX13.3.sdk/usr/include/c++/v1/vector:1260:9: note: in instantiation of member function 'std::vector<json::JsonValue>::__vallocate' requested here
        __vallocate(__il.size());
        ^
/Users/zlh/Documents/Git/json/src/include/json/nodes/json_array.hpp:12:56: note: in instantiation of member function 'std::vector<json::JsonValue>::vector' requested here
  JsonArray(std::initializer_list<JsonValue> values) : storage_(values) {}
                                                       ^
/Users/zlh/Documents/Git/json/src/include/json/nodes/json_array.hpp:7:7: note: forward declaration of 'json::JsonValue'
class JsonValue;
      ^
In file included from /Users/zlh/Documents/Git/json/test/nodes/json_value_test.cpp:1:
In file included from /usr/local/include/gtest/gtest.h:54:
In file included from /Library/Developer/CommandLineTools/SDKs/MacOSX13.3.sdk/usr/include/c++/v1/iomanip:47:
In file included from /Library/Developer/CommandLineTools/SDKs/MacOSX13.3.sdk/usr/include/c++/v1/istream:165:
In file included from /Library/Developer/CommandLineTools/SDKs/MacOSX13.3.sdk/usr/include/c++/v1/ostream:168:
In file included from /Library/Developer/CommandLineTools/SDKs/MacOSX13.3.sdk/usr/include/c++/v1/bitset:117:
In file included from /Library/Developer/CommandLineTools/SDKs/MacOSX13.3.sdk/usr/include/c++/v1/__bit_reference:13:
In file included from /Library/Developer/CommandLineTools/SDKs/MacOSX13.3.sdk/usr/include/c++/v1/__algorithm/copy_n.h:12:
In file included from /Library/Developer/CommandLineTools/SDKs/MacOSX13.3.sdk/usr/include/c++/v1/__algorithm/copy.h:16:
In file included from /Library/Developer/CommandLineTools/SDKs/MacOSX13.3.sdk/usr/include/c++/v1/__iterator/reverse_iterator.h:30:
In file included from /Library/Developer/CommandLineTools/SDKs/MacOSX13.3.sdk/usr/include/c++/v1/__ranges/concepts.h:26:
/Library/Developer/CommandLineTools/SDKs/MacOSX13.3.sdk/usr/include/c++/v1/initializer_list:93:57: error: arithmetic on a pointer to an incomplete type 'const json::JsonValue'
    const _Ep* end()   const _NOEXCEPT {return __begin_ + __size_;}
                                               ~~~~~~~~ ^
/Library/Developer/CommandLineTools/SDKs/MacOSX13.3.sdk/usr/include/c++/v1/vector:1261:47: note: in instantiation of member function 'std::initializer_list<json::JsonValue>::end' requested here
        __construct_at_end(__il.begin(), __il.end(), __il.size());
                                              ^
/Users/zlh/Documents/Git/json/src/include/json/nodes/json_array.hpp:12:56: note: in instantiation of member function 'std::vector<json::JsonValue>::vector' requested here
  JsonArray(std::initializer_list<JsonValue> values) : storage_(values) {}
                                                       ^
/Users/zlh/Documents/Git/json/src/include/json/nodes/json_array.hpp:7:7: note: forward declaration of 'json::JsonValue'
class JsonValue;
      ^
In file included from /Users/zlh/Documents/Git/json/test/nodes/json_value_test.cpp:1:
In file included from /usr/local/include/gtest/gtest.h:54:
In file included from /Library/Developer/CommandLineTools/SDKs/MacOSX13.3.sdk/usr/include/c++/v1/iomanip:47:
In file included from /Library/Developer/CommandLineTools/SDKs/MacOSX13.3.sdk/usr/include/c++/v1/istream:165:
In file included from /Library/Developer/CommandLineTools/SDKs/MacOSX13.3.sdk/usr/include/c++/v1/ostream:168:
In file included from /Library/Developer/CommandLineTools/SDKs/MacOSX13.3.sdk/usr/include/c++/v1/bitset:128:
In file included from /Library/Developer/CommandLineTools/SDKs/MacOSX13.3.sdk/usr/include/c++/v1/string:551:
In file included from /Library/Developer/CommandLineTools/SDKs/MacOSX13.3.sdk/usr/include/c++/v1/string_view:223:
In file included from /Library/Developer/CommandLineTools/SDKs/MacOSX13.3.sdk/usr/include/c++/v1/functional:515:
In file included from /Library/Developer/CommandLineTools/SDKs/MacOSX13.3.sdk/usr/include/c++/v1/__functional/boyer_moore_searcher.h:26:
/Library/Developer/CommandLineTools/SDKs/MacOSX13.3.sdk/usr/include/c++/v1/vector:781:62: error: arithmetic on a pointer to an incomplete type 'json::JsonValue'
      : __v_(__v), __pos_(__v.__end_), __new_end_(__v.__end_ + __n) {
                                                  ~~~~~~~~~~ ^
/Library/Developer/CommandLineTools/SDKs/MacOSX13.3.sdk/usr/include/c++/v1/vector:1030:25: note: in instantiation of member function 'std::vector<json::JsonValue>::_ConstructTransaction::_ConstructTransaction' requested here
  _ConstructTransaction __tx(*this, __n);
                        ^
/Library/Developer/CommandLineTools/SDKs/MacOSX13.3.sdk/usr/include/c++/v1/vector:1261:9: note: in instantiation of function template specialization 'std::vector<json::JsonValue>::__construct_at_end<const json::JsonValue *>' requested here
        __construct_at_end(__il.begin(), __il.end(), __il.size());
        ^
/Users/zlh/Documents/Git/json/src/include/json/nodes/json_array.hpp:12:56: note: in instantiation of member function 'std::vector<json::JsonValue>::vector' requested here
  JsonArray(std::initializer_list<JsonValue> values) : storage_(values) {}
                                                       ^
/Users/zlh/Documents/Git/json/src/include/json/nodes/json_array.hpp:7:7: note: forward declaration of 'json::JsonValue'
class JsonValue;
      ^
In file included from /Users/zlh/Documents/Git/json/test/nodes/json_value_test.cpp:1:
In file included from /usr/local/include/gtest/gtest.h:54:
In file included from /Library/Developer/CommandLineTools/SDKs/MacOSX13.3.sdk/usr/include/c++/v1/iomanip:47:
In file included from /Library/Developer/CommandLineTools/SDKs/MacOSX13.3.sdk/usr/include/c++/v1/istream:163:
In file included from /Library/Developer/CommandLineTools/SDKs/MacOSX13.3.sdk/usr/include/c++/v1/__iterator/istreambuf_iterator.h:16:
In file included from /Library/Developer/CommandLineTools/SDKs/MacOSX13.3.sdk/usr/include/c++/v1/__iterator/iterator_traits.h:14:
In file included from /Library/Developer/CommandLineTools/SDKs/MacOSX13.3.sdk/usr/include/c++/v1/__iterator/incrementable_traits.h:15:
In file included from /Library/Developer/CommandLineTools/SDKs/MacOSX13.3.sdk/usr/include/c++/v1/concepts:133:
In file included from /Library/Developer/CommandLineTools/SDKs/MacOSX13.3.sdk/usr/include/c++/v1/__concepts/arithmetic.h:15:
In file included from /Library/Developer/CommandLineTools/SDKs/MacOSX13.3.sdk/usr/include/c++/v1/type_traits:498:
/Library/Developer/CommandLineTools/SDKs/MacOSX13.3.sdk/usr/include/c++/v1/__type_traits/is_trivially_constructible.h:23:31: error: incomplete type 'json::JsonValue' used in type trait expression
    : integral_constant<bool, __is_trivially_constructible(_Tp, _Args...)>
                              ^
/Library/Developer/CommandLineTools/SDKs/MacOSX13.3.sdk/usr/include/c++/v1/__type_traits/is_trivially_copy_constructible.h:24:14: note: in instantiation of template class 'std::is_trivially_constructible<json::JsonValue, const json::JsonValue &>' requested here
    : public is_trivially_constructible<_Tp, typename add_lvalue_reference<const _Tp>::type>
             ^
/Library/Developer/CommandLineTools/SDKs/MacOSX13.3.sdk/usr/include/c++/v1/__memory/uninitialized_algorithms.h:562:15: note: in instantiation of template class 'std::is_trivially_copy_constructible<json::JsonValue>' requested here
              is_trivially_copy_constructible<_RawType>::value && is_trivially_copy_assignable<_RawType>::value &&
              ^
/Library/Developer/CommandLineTools/SDKs/MacOSX13.3.sdk/usr/include/c++/v1/__memory/uninitialized_algorithms.h:565:1: note: while substituting prior template arguments into non-type template parameter [with _Alloc = std::allocator<json::JsonValue>, _Type = json::JsonValue, _RawType = json::JsonValue]
__uninitialized_allocator_copy(_Alloc&, const _Type* __first1, const _Type* __last1, _Type* __first2) {
^~~~~~~~~~~~~~~~~~~~~~~~~~~~~~~~~~~~~~~~~~~~~~~~~~~~~~~~~~~~~~~~~~~~~~~~~~~~~~~~~~~~~~~~~~~~~~~~~~~~~~~
/Library/Developer/CommandLineTools/SDKs/MacOSX13.3.sdk/usr/include/c++/v1/vector:1031:17: note: while substituting deduced template arguments into function template '__uninitialized_allocator_copy' [with _Alloc = std::vector<json::JsonValue>::allocator_type, _Type = json::JsonValue, _RawType = (no value), $3 = (no value)]
  __tx.__pos_ = std::__uninitialized_allocator_copy(__alloc(), __first, __last, __tx.__pos_);
                ^
/Library/Developer/CommandLineTools/SDKs/MacOSX13.3.sdk/usr/include/c++/v1/vector:1261:9: note: in instantiation of function template specialization 'std::vector<json::JsonValue>::__construct_at_end<const json::JsonValue *>' requested here
        __construct_at_end(__il.begin(), __il.end(), __il.size());
        ^
/Users/zlh/Documents/Git/json/src/include/json/nodes/json_array.hpp:12:56: note: in instantiation of member function 'std::vector<json::JsonValue>::vector' requested here
  JsonArray(std::initializer_list<JsonValue> values) : storage_(values) {}
                                                       ^
/Users/zlh/Documents/Git/json/src/include/json/nodes/json_array.hpp:7:7: note: forward declaration of 'json::JsonValue'
class JsonValue;
      ^
In file included from /Users/zlh/Documents/Git/json/test/nodes/json_value_test.cpp:1:
In file included from /usr/local/include/gtest/gtest.h:54:
In file included from /Library/Developer/CommandLineTools/SDKs/MacOSX13.3.sdk/usr/include/c++/v1/iomanip:47:
In file included from /Library/Developer/CommandLineTools/SDKs/MacOSX13.3.sdk/usr/include/c++/v1/istream:165:
In file included from /Library/Developer/CommandLineTools/SDKs/MacOSX13.3.sdk/usr/include/c++/v1/ostream:168:
In file included from /Library/Developer/CommandLineTools/SDKs/MacOSX13.3.sdk/usr/include/c++/v1/bitset:128:
In file included from /Library/Developer/CommandLineTools/SDKs/MacOSX13.3.sdk/usr/include/c++/v1/string:534:
In file included from /Library/Developer/CommandLineTools/SDKs/MacOSX13.3.sdk/usr/include/c++/v1/__memory/allocate_at_least.h:13:
/Library/Developer/CommandLineTools/SDKs/MacOSX13.3.sdk/usr/include/c++/v1/__memory/allocator_traits.h:298:9: error: no matching function for call to 'construct_at'
        _VSTD::construct_at(__p, _VSTD::forward<_Args>(__args)...);
        ^~~~~~~~~~~~~~~~~~~
/Library/Developer/CommandLineTools/SDKs/MacOSX13.3.sdk/usr/include/c++/v1/__config:695:17: note: expanded from macro '_VSTD'
#  define _VSTD std
                ^
/Library/Developer/CommandLineTools/SDKs/MacOSX13.3.sdk/usr/include/c++/v1/__memory/uninitialized_algorithms.h:538:31: note: in instantiation of function template specialization 'std::allocator_traits<std::allocator<json::JsonValue>>::construct<json::JsonValue, const json::JsonValue &, void, void>' requested here
    allocator_traits<_Alloc>::construct(__alloc, std::__to_address(__first2), *__first1);
                              ^
/Library/Developer/CommandLineTools/SDKs/MacOSX13.3.sdk/usr/include/c++/v1/vector:1031:22: note: in instantiation of function template specialization 'std::__uninitialized_allocator_copy<std::allocator<json::JsonValue>, const json::JsonValue *, const json::JsonValue *, json::JsonValue *>' requested here
  __tx.__pos_ = std::__uninitialized_allocator_copy(__alloc(), __first, __last, __tx.__pos_);
                     ^
/Library/Developer/CommandLineTools/SDKs/MacOSX13.3.sdk/usr/include/c++/v1/vector:1261:9: note: in instantiation of function template specialization 'std::vector<json::JsonValue>::__construct_at_end<const json::JsonValue *>' requested here
        __construct_at_end(__il.begin(), __il.end(), __il.size());
        ^
/Users/zlh/Documents/Git/json/src/include/json/nodes/json_array.hpp:12:56: note: in instantiation of member function 'std::vector<json::JsonValue>::vector' requested here
  JsonArray(std::initializer_list<JsonValue> values) : storage_(values) {}
                                                       ^
/Library/Developer/CommandLineTools/SDKs/MacOSX13.3.sdk/usr/include/c++/v1/__memory/construct_at.h:33:38: note: candidate template ignored: substitution failure [with _Tp = json::JsonValue, _Args = <const json::JsonValue &>]: allocation of incomplete type 'json::JsonValue'
_LIBCPP_HIDE_FROM_ABI constexpr _Tp* construct_at(_Tp* __location, _Args&&... __args) {
                                     ^
In file included from /Users/zlh/Documents/Git/json/test/nodes/json_value_test.cpp:1:
In file included from /usr/local/include/gtest/gtest.h:54:
In file included from /Library/Developer/CommandLineTools/SDKs/MacOSX13.3.sdk/usr/include/c++/v1/iomanip:47:
In file included from /Library/Developer/CommandLineTools/SDKs/MacOSX13.3.sdk/usr/include/c++/v1/istream:165:
In file included from /Library/Developer/CommandLineTools/SDKs/MacOSX13.3.sdk/usr/include/c++/v1/ostream:168:
In file included from /Library/Developer/CommandLineTools/SDKs/MacOSX13.3.sdk/usr/include/c++/v1/bitset:128:
In file included from /Library/Developer/CommandLineTools/SDKs/MacOSX13.3.sdk/usr/include/c++/v1/string:549:
In file included from /Library/Developer/CommandLineTools/SDKs/MacOSX13.3.sdk/usr/include/c++/v1/memory:858:
In file included from /Library/Developer/CommandLineTools/SDKs/MacOSX13.3.sdk/usr/include/c++/v1/__memory/ranges_uninitialized_algorithms.h:22:
/Library/Developer/CommandLineTools/SDKs/MacOSX13.3.sdk/usr/include/c++/v1/__memory/uninitialized_algorithms.h:539:5: error: arithmetic on a pointer to an incomplete type 'const json::JsonValue'
    ++__first1;
    ^ ~~~~~~~~
/Library/Developer/CommandLineTools/SDKs/MacOSX13.3.sdk/usr/include/c++/v1/vector:1031:22: note: in instantiation of function template specialization 'std::__uninitialized_allocator_copy<std::allocator<json::JsonValue>, const json::JsonValue *, const json::JsonValue *, json::JsonValue *>' requested here
  __tx.__pos_ = std::__uninitialized_allocator_copy(__alloc(), __first, __last, __tx.__pos_);
                     ^
/Library/Developer/CommandLineTools/SDKs/MacOSX13.3.sdk/usr/include/c++/v1/vector:1261:9: note: in instantiation of function template specialization 'std::vector<json::JsonValue>::__construct_at_end<const json::JsonValue *>' requested here
        __construct_at_end(__il.begin(), __il.end(), __il.size());
        ^
/Users/zlh/Documents/Git/json/src/include/json/nodes/json_array.hpp:12:56: note: in instantiation of member function 'std::vector<json::JsonValue>::vector' requested here
  JsonArray(std::initializer_list<JsonValue> values) : storage_(values) {}
                                                       ^
/Users/zlh/Documents/Git/json/src/include/json/nodes/json_array.hpp:7:7: note: forward declaration of 'json::JsonValue'
class JsonValue;
      ^
In file included from /Users/zlh/Documents/Git/json/test/nodes/json_value_test.cpp:1:
In file included from /usr/local/include/gtest/gtest.h:54:
In file included from /Library/Developer/CommandLineTools/SDKs/MacOSX13.3.sdk/usr/include/c++/v1/iomanip:47:
In file included from /Library/Developer/CommandLineTools/SDKs/MacOSX13.3.sdk/usr/include/c++/v1/istream:165:
In file included from /Library/Developer/CommandLineTools/SDKs/MacOSX13.3.sdk/usr/include/c++/v1/ostream:168:
In file included from /Library/Developer/CommandLineTools/SDKs/MacOSX13.3.sdk/usr/include/c++/v1/bitset:128:
In file included from /Library/Developer/CommandLineTools/SDKs/MacOSX13.3.sdk/usr/include/c++/v1/string:549:
In file included from /Library/Developer/CommandLineTools/SDKs/MacOSX13.3.sdk/usr/include/c++/v1/memory:858:
In file included from /Library/Developer/CommandLineTools/SDKs/MacOSX13.3.sdk/usr/include/c++/v1/__memory/ranges_uninitialized_algorithms.h:22:
/Library/Developer/CommandLineTools/SDKs/MacOSX13.3.sdk/usr/include/c++/v1/__memory/uninitialized_algorithms.h:540:5: error: arithmetic on a pointer to an incomplete type 'json::JsonValue'
    ++__first2;
    ^ ~~~~~~~~
/Users/zlh/Documents/Git/json/src/include/json/nodes/json_array.hpp:7:7: note: forward declaration of 'json::JsonValue'
class JsonValue;
      ^
In file included from /Users/zlh/Documents/Git/json/test/nodes/json_value_test.cpp:1:
In file included from /usr/local/include/gtest/gtest.h:54:
In file included from /Library/Developer/CommandLineTools/SDKs/MacOSX13.3.sdk/usr/include/c++/v1/iomanip:47:
In file included from /Library/Developer/CommandLineTools/SDKs/MacOSX13.3.sdk/usr/include/c++/v1/istream:165:
In file included from /Library/Developer/CommandLineTools/SDKs/MacOSX13.3.sdk/usr/include/c++/v1/ostream:168:
In file included from /Library/Developer/CommandLineTools/SDKs/MacOSX13.3.sdk/usr/include/c++/v1/bitset:128:
In file included from /Library/Developer/CommandLineTools/SDKs/MacOSX13.3.sdk/usr/include/c++/v1/string:551:
In file included from /Library/Developer/CommandLineTools/SDKs/MacOSX13.3.sdk/usr/include/c++/v1/string_view:223:
In file included from /Library/Developer/CommandLineTools/SDKs/MacOSX13.3.sdk/usr/include/c++/v1/functional:515:
In file included from /Library/Developer/CommandLineTools/SDKs/MacOSX13.3.sdk/usr/include/c++/v1/__functional/boyer_moore_searcher.h:26:
/Library/Developer/CommandLineTools/SDKs/MacOSX13.3.sdk/usr/include/c++/v1/vector:833:64: error: arithmetic on a pointer to an incomplete type 'json::JsonValue'
        __alloc_traits::destroy(__alloc(), _VSTD::__to_address(--__soon_to_be_end));
                                                               ^ ~~~~~~~~~~~~~~~~
/Library/Developer/CommandLineTools/SDKs/MacOSX13.3.sdk/usr/include/c++/v1/vector:827:29: note: in instantiation of member function 'std::vector<json::JsonValue>::__base_destruct_at_end' requested here
  void __clear() _NOEXCEPT {__base_destruct_at_end(this->__begin_);}
                            ^
/Library/Developer/CommandLineTools/SDKs/MacOSX13.3.sdk/usr/include/c++/v1/vector:436:9: note: in instantiation of member function 'std::vector<json::JsonValue>::__clear' requested here
        __clear();
        ^
/Users/zlh/Documents/Git/json/src/include/json/nodes/json_array.hpp:12:3: note: in instantiation of member function 'std::vector<json::JsonValue>::~vector' requested here
  JsonArray(std::initializer_list<JsonValue> values) : storage_(values) {}
  ^
/Users/zlh/Documents/Git/json/src/include/json/nodes/json_array.hpp:7:7: note: forward declaration of 'json::JsonValue'
class JsonValue;
      ^
In file included from /Users/zlh/Documents/Git/json/test/nodes/json_value_test.cpp:1:
In file included from /usr/local/include/gtest/gtest.h:54:
In file included from /Library/Developer/CommandLineTools/SDKs/MacOSX13.3.sdk/usr/include/c++/v1/iomanip:47:
In file included from /Library/Developer/CommandLineTools/SDKs/MacOSX13.3.sdk/usr/include/c++/v1/istream:165:
In file included from /Library/Developer/CommandLineTools/SDKs/MacOSX13.3.sdk/usr/include/c++/v1/ostream:168:
In file included from /Library/Developer/CommandLineTools/SDKs/MacOSX13.3.sdk/usr/include/c++/v1/bitset:128:
In file included from /Library/Developer/CommandLineTools/SDKs/MacOSX13.3.sdk/usr/include/c++/v1/string:549:
In file included from /Library/Developer/CommandLineTools/SDKs/MacOSX13.3.sdk/usr/include/c++/v1/memory:848:
/Library/Developer/CommandLineTools/SDKs/MacOSX13.3.sdk/usr/include/c++/v1/__memory/allocator.h:128:58: error: invalid application of 'sizeof' to an incomplete type 'json::JsonValue'
            _VSTD::__libcpp_deallocate((void*)__p, __n * sizeof(_Tp), _LIBCPP_ALIGNOF(_Tp));
                                                         ^~~~~~~~~~~
/Library/Developer/CommandLineTools/SDKs/MacOSX13.3.sdk/usr/include/c++/v1/__memory/allocator_traits.h:282:13: note: in instantiation of member function 'std::allocator<json::JsonValue>::deallocate' requested here
        __a.deallocate(__p, __n);
            ^
/Library/Developer/CommandLineTools/SDKs/MacOSX13.3.sdk/usr/include/c++/v1/vector:437:25: note: in instantiation of member function 'std::allocator_traits<std::allocator<json::JsonValue>>::deallocate' requested here
        __alloc_traits::deallocate(__alloc(), this->__begin_, capacity());
                        ^
/Users/zlh/Documents/Git/json/src/include/json/nodes/json_array.hpp:12:3: note: in instantiation of member function 'std::vector<json::JsonValue>::~vector' requested here
  JsonArray(std::initializer_list<JsonValue> values) : storage_(values) {}
  ^
/Users/zlh/Documents/Git/json/src/include/json/nodes/json_array.hpp:7:7: note: forward declaration of 'json::JsonValue'
class JsonValue;
      ^
In file included from /Users/zlh/Documents/Git/json/test/nodes/json_value_test.cpp:1:
In file included from /usr/local/include/gtest/gtest.h:54:
In file included from /Library/Developer/CommandLineTools/SDKs/MacOSX13.3.sdk/usr/include/c++/v1/iomanip:47:
In file included from /Library/Developer/CommandLineTools/SDKs/MacOSX13.3.sdk/usr/include/c++/v1/istream:165:
In file included from /Library/Developer/CommandLineTools/SDKs/MacOSX13.3.sdk/usr/include/c++/v1/ostream:168:
In file included from /Library/Developer/CommandLineTools/SDKs/MacOSX13.3.sdk/usr/include/c++/v1/bitset:128:
In file included from /Library/Developer/CommandLineTools/SDKs/MacOSX13.3.sdk/usr/include/c++/v1/string:551:
In file included from /Library/Developer/CommandLineTools/SDKs/MacOSX13.3.sdk/usr/include/c++/v1/string_view:223:
In file included from /Library/Developer/CommandLineTools/SDKs/MacOSX13.3.sdk/usr/include/c++/v1/functional:515:
In file included from /Library/Developer/CommandLineTools/SDKs/MacOSX13.3.sdk/usr/include/c++/v1/__functional/boyer_moore_searcher.h:26:
/Library/Developer/CommandLineTools/SDKs/MacOSX13.3.sdk/usr/include/c++/v1/vector:537:53: error: arithmetic on a pointer to an incomplete type 'json::JsonValue'
        {return static_cast<size_type>(this->__end_ - this->__begin_);}
                                       ~~~~~~~~~~~~ ^
/Users/zlh/Documents/Git/json/src/include/json/nodes/json_array.hpp:15:43: note: in instantiation of member function 'std::vector<json::JsonValue>::size' requested here
    assert(index >= 0 && index < storage_.size());
                                          ^
/Users/zlh/Documents/Git/json/src/include/json/nodes/json_array.hpp:7:7: note: forward declaration of 'json::JsonValue'
class JsonValue;
      ^
In file included from /Users/zlh/Documents/Git/json/test/nodes/json_value_test.cpp:1:
In file included from /usr/local/include/gtest/gtest.h:54:
In file included from /Library/Developer/CommandLineTools/SDKs/MacOSX13.3.sdk/usr/include/c++/v1/iomanip:47:
In file included from /Library/Developer/CommandLineTools/SDKs/MacOSX13.3.sdk/usr/include/c++/v1/istream:165:
In file included from /Library/Developer/CommandLineTools/SDKs/MacOSX13.3.sdk/usr/include/c++/v1/ostream:168:
In file included from /Library/Developer/CommandLineTools/SDKs/MacOSX13.3.sdk/usr/include/c++/v1/bitset:128:
In file included from /Library/Developer/CommandLineTools/SDKs/MacOSX13.3.sdk/usr/include/c++/v1/string:551:
In file included from /Library/Developer/CommandLineTools/SDKs/MacOSX13.3.sdk/usr/include/c++/v1/string_view:223:
In file included from /Library/Developer/CommandLineTools/SDKs/MacOSX13.3.sdk/usr/include/c++/v1/functional:515:
In file included from /Library/Developer/CommandLineTools/SDKs/MacOSX13.3.sdk/usr/include/c++/v1/__functional/boyer_moore_searcher.h:26:
/Library/Developer/CommandLineTools/SDKs/MacOSX13.3.sdk/usr/include/c++/v1/vector:1457:12: error: subscript of pointer to incomplete type 'json::JsonValue'
    return this->__begin_[__n];
           ^~~~~~~~~~~~~~
/Users/zlh/Documents/Git/json/src/include/json/nodes/json_array.hpp:17:20: note: in instantiation of member function 'std::vector<json::JsonValue>::operator[]' requested here
    return storage_[index];
                   ^
/Users/zlh/Documents/Git/json/src/include/json/nodes/json_array.hpp:7:7: note: forward declaration of 'json::JsonValue'
class JsonValue;
      ^
In file included from /Users/zlh/Documents/Git/json/test/nodes/json_value_test.cpp:1:
In file included from /usr/local/include/gtest/gtest.h:54:
In file included from /Library/Developer/CommandLineTools/SDKs/MacOSX13.3.sdk/usr/include/c++/v1/iomanip:47:
In file included from /Library/Developer/CommandLineTools/SDKs/MacOSX13.3.sdk/usr/include/c++/v1/istream:165:
In file included from /Library/Developer/CommandLineTools/SDKs/MacOSX13.3.sdk/usr/include/c++/v1/ostream:168:
In file included from /Library/Developer/CommandLineTools/SDKs/MacOSX13.3.sdk/usr/include/c++/v1/bitset:128:
In file included from /Library/Developer/CommandLineTools/SDKs/MacOSX13.3.sdk/usr/include/c++/v1/string:551:
In file included from /Library/Developer/CommandLineTools/SDKs/MacOSX13.3.sdk/usr/include/c++/v1/string_view:223:
In file included from /Library/Developer/CommandLineTools/SDKs/MacOSX13.3.sdk/usr/include/c++/v1/functional:515:
In file included from /Library/Developer/CommandLineTools/SDKs/MacOSX13.3.sdk/usr/include/c++/v1/__functional/boyer_moore_searcher.h:26:
/Library/Developer/CommandLineTools/SDKs/MacOSX13.3.sdk/usr/include/c++/v1/vector:1467:12: error: subscript of pointer to incomplete type 'json::JsonValue'
    return this->__begin_[__n];
           ^~~~~~~~~~~~~~
/Users/zlh/Documents/Git/json/src/include/json/nodes/json_array.hpp:23:20: note: in instantiation of member function 'std::vector<json::JsonValue>::operator[]' requested here
    return storage_[index];
                   ^
/Users/zlh/Documents/Git/json/src/include/json/nodes/json_array.hpp:7:7: note: forward declaration of 'json::JsonValue'
class JsonValue;
      ^
In file included from /Users/zlh/Documents/Git/json/test/nodes/json_value_test.cpp:1:
In file included from /usr/local/include/gtest/gtest.h:54:
In file included from /Library/Developer/CommandLineTools/SDKs/MacOSX13.3.sdk/usr/include/c++/v1/iomanip:47:
In file included from /Library/Developer/CommandLineTools/SDKs/MacOSX13.3.sdk/usr/include/c++/v1/istream:165:
In file included from /Library/Developer/CommandLineTools/SDKs/MacOSX13.3.sdk/usr/include/c++/v1/ostream:168:
In file included from /Library/Developer/CommandLineTools/SDKs/MacOSX13.3.sdk/usr/include/c++/v1/bitset:128:
In file included from /Library/Developer/CommandLineTools/SDKs/MacOSX13.3.sdk/usr/include/c++/v1/string:551:
In file included from /Library/Developer/CommandLineTools/SDKs/MacOSX13.3.sdk/usr/include/c++/v1/string_view:223:
In file included from /Library/Developer/CommandLineTools/SDKs/MacOSX13.3.sdk/usr/include/c++/v1/functional:515:
In file included from /Library/Developer/CommandLineTools/SDKs/MacOSX13.3.sdk/usr/include/c++/v1/__functional/boyer_moore_searcher.h:26:
/Library/Developer/CommandLineTools/SDKs/MacOSX13.3.sdk/usr/include/c++/v1/vector:810:5: error: arithmetic on a pointer to an incomplete type 'json::JsonValue'
    ++__tx.__pos_;
    ^ ~~~~~~~~~~~
/Library/Developer/CommandLineTools/SDKs/MacOSX13.3.sdk/usr/include/c++/v1/vector:1550:9: note: in instantiation of function template specialization 'std::vector<json::JsonValue>::__construct_one_at_end<const json::JsonValue &>' requested here
        __construct_one_at_end(__x);
        ^
/Users/zlh/Documents/Git/json/src/include/json/nodes/json_array.hpp:26:55: note: in instantiation of member function 'std::vector<json::JsonValue>::push_back' requested here
  void append(JsonValue const& json_value) { storage_.push_back(json_value); }
                                                      ^
/Users/zlh/Documents/Git/json/src/include/json/nodes/json_array.hpp:7:7: note: forward declaration of 'json::JsonValue'
class JsonValue;
      ^
18 errors generated.
make[2]: *** [test/CMakeFiles/json_value_test.dir/nodes/json_value_test.cpp.o] Error 1
make[1]: *** [test/CMakeFiles/json_value_test.dir/all] Error 2
make: *** [all] Error 2
